*** Using Compiler 'V5.06 update 6 (build 750)', folder: 'D:\718\Single-Chip Microcomputer stm 32\opertor\ARM\ARMCC\Bin'
Build target 'rtthread-stm32'
compiling code.c...
compiling main.c...
applications\main.c(32): warning:  #223-D: function "My_thread" declared implicitly
  	My_thread();
applications\main.c: 1 warning, 0 errors
compiling drv_gpio.c...
compiling stm32f1xx_hal_adc.c...
compiling stm32f1xx_hal_adc_ex.c...
compiling system_stm32f1xx.c...
compiling drv_usart.c...
compiling stm32f1xx_it.c...
compiling board.c...
compiling stm32f1xx_hal_crc.c...
compiling stm32f1xx_hal_cortex.c...
compiling stm32f1xx_hal_gpio.c...
compiling stm32f1xx_hal_flash.c...
compiling stm32f1xx_hal_gpio_ex.c...
compiling stm32f1xx_hal_dma.c...
compiling stm32f1xx_hal_flash_ex.c...
compiling stm32f1xx_hal_rtc.c...
compiling stm32f1xx_hal_irda.c...
compiling stm32f1xx_hal_i2c.c...
compiling stm32f1xx_hal_iwdg.c...
compiling stm32f1xx_hal_pwr.c...
compiling stm32f1xx_hal_rcc.c...
compiling stm32f1xx_hal_rcc_ex.c...
compiling stm32f1xx_hal_spi.c...
compiling stm32f1xx_hal_smartcard.c...
compiling stm32f1xx_hal_rtc_ex.c...
compiling stm32f1xx_hal_uart.c...
compiling stm32f1xx_hal_spi_ex.c...
compiling stm32f1xx_hal_tim_ex.c...
compiling stm32f1xx_hal_tim.c...
compiling stm32f1xx_ll_crc.c...
compiling stm32f1xx_ll_adc.c...
compiling stm32f1xx_ll_dac.c...
compiling stm32f1xx_ll_dma.c...
compiling stm32f1xx_ll_exti.c...
compiling stm32f1xx_ll_gpio.c...
compiling stm32f1xx_ll_i2c.c...
compiling stm32f1xx_ll_pwr.c...
compiling stm32f1xx_ll_rcc.c...
compiling stm32f1xx_ll_rtc.c...
compiling stm32f1xx_ll_spi.c...
compiling stm32f1xx_ll_tim.c...
compiling stm32f1xx_ll_usart.c...
compiling stm32f1xx_hal_wwdg.c...
compiling stm32f1xx_ll_fsmc.c...
compiling stm32f1xx_hal.c...
compiling stm32f1xx_hal_usart.c...
compiling stm32f1xx_ll_sdmmc.c...
compiling stm32f1xx_ll_usb.c...
compiling stm32f1xx_ll_utils.c...
compiling stm32f1xx_hal_dac_ex.c...
compiling stm32f1xx_hal_nand.c...
compiling stm32f1xx_hal_dac.c...
compiling stm32f1xx_hal_i2s.c...
compiling stm32f1xx_hal_sd.c...
compiling stm32f1xx_hal_mmc.c...
compiling stm32f1xx_hal_can.c...
assembling startup_stm32f103xe.s...
compiling clock.c...
compiling components.c...
compiling device.c...
compiling idle.c...
compiling irq.c...
compiling ipc.c...
compiling mem.c...
compiling kservice.c...
compiling mempool.c...
compiling memheap.c...
compiling object.c...
compiling scheduler.c...
compiling timer.c...
compiling signal.c...
compiling cpuport.c...
compiling thread.c...
compiling stm32f1xx_hal_pcd_ex.c...
assembling context_rvds.S...
compiling stm32f1xx_hal_nor.c...
compiling stm32f1xx_hal_pccard.c...
compiling stm32f1xx_hal_pcd.c...
compiling pin.c...
compiling serial.c...
compiling stm32f1xx_hal_sram.c...
compiling shell.c...
compiling symbol.c...
compiling cmd.c...
compiling msh.c...
compiling dynmem_sample.c...
compiling msh_file.c...
compiling msh_cmd.c...
compiling idlehook_sample.c...
compiling event_sample.c...
compiling interrupt_sample.c...
compiling mailbox_sample.c...
compiling memp_sample.c...
compiling msgq_sample.c...
compiling mutex_sample.c...
compiling priority_inversion.c...
compiling producer_consumer.c...
compiling scheduler_hook.c...
compiling semaphore_sample.c...
compiling signal_sample.c...
compiling timer_sample.c...
compiling thread_sample.c...
compiling timeslice_sample.c...
linking...
Program Size: Code=55148 RO-data=8700 RW-data=768 ZI-data=22984  
After Build - User command #1: fromelf --bin .\build\rtthread-stm32.axf --output rtthread.bin
".\build\rtthread-stm32.axf" - 0 Error(s), 1 Warning(s).
Build Time Elapsed:  00:00:26
